<?xml version="1.0" encoding="UTF-8"?>
<testsuite name="IPLTest" tests="1" skipped="0" failures="0" errors="0" timestamp="2020-10-28T10:17:08" hostname="swapnaneels-MacBook-Air.local" time="1.299">
  <properties/>
  <testcase name="givenIPLDatafindMax6sAnd4s" classname="IPLTest" time="1.299"/>
  <system-out><![CDATA[]]></system-out>
  <system-err><![CDATA[]]></system-err>
</testsuite>
