<?xml version="1.0" encoding="UTF-8"?>
<testsuite name="IPLTest" tests="16" skipped="0" failures="0" errors="0" timestamp="2020-11-01T12:27:33" hostname="Swapnaneels-MacBook-Air.local" time="2.179">
  <properties/>
  <testcase name="givenIPLDataFindBowlerWithTopAverages" classname="IPLTest" time="0.662"/>
  <testcase name="givenIPLMostRunsFindBestScore" classname="IPLTest" time="0.232"/>
  <testcase name="givenIPLDataFindBolwerWithBestSRandAverage" classname="IPLTest" time="0.069"/>
  <testcase name="givenIPLDataFindMax6sAnd4s" classname="IPLTest" time="0.074"/>
  <testcase name="givenIPLDataFindBatsmanWithZeroMilestonesButWithBestAverages" classname="IPLTest" time="0.171"/>
  <testcase name="givenIPLDataFindBatsmanWithBestSR" classname="IPLTest" time="0.112"/>
  <testcase name="givenIPLDataFindBowlerWithBestEconomy" classname="IPLTest" time="0.108"/>
  <testcase name="givenIPLDataFindCricketerWithBestBowlingAndBattingAverage" classname="IPLTest" time="0.088"/>
  <testcase name="givenIPLDataFindBatsmanWithMaximumAverageAndHundreds" classname="IPLTest" time="0.136"/>
  <testcase name="givenIPLDataFindBatsmanWithMaximumRunsAndBestAverage" classname="IPLTest" time="0.086"/>
  <testcase name="givenIPLDataFindBestAllRounders" classname="IPLTest" time="0.127"/>
  <testcase name="givenIPLDataFindBowlerWithTopSR" classname="IPLTest" time="0.034"/>
  <testcase name="givenIPLDataFindBowlerWithBestSRWith5wAnd4w" classname="IPLTest" time="0.049"/>
  <testcase name="givenIPLDataFindHighestStrikeRate" classname="IPLTest" time="0.12"/>
  <testcase name="givenIPLDataFindBowlerWithMaxWickets" classname="IPLTest" time="0.041"/>
  <testcase name="givenIPLDataFindBatsmanWithHighestAverageAndSR" classname="IPLTest" time="0.036"/>
  <system-out><![CDATA[]]></system-out>
  <system-err><![CDATA[]]></system-err>
</testsuite>
