<?xml version="1.0" encoding="UTF-8"?>
<testsuite name="IPLTest" tests="1" skipped="0" failures="0" errors="0" timestamp="2020-11-01T08:31:06" hostname="Swapnaneels-MacBook-Air.local" time="0.291">
  <properties/>
  <testcase name="givenIPLDataFindCricketerWithBestBowlingAndBattingAverage" classname="IPLTest" time="0.291"/>
  <system-out><![CDATA[]]></system-out>
  <system-err><![CDATA[]]></system-err>
</testsuite>
