<?xml version="1.0" encoding="UTF-8"?>
<testsuite name="IPLTest" tests="16" skipped="0" failures="0" errors="0" timestamp="2020-11-01T09:03:15" hostname="Swapnaneels-MacBook-Air.local" time="3.166">
  <properties/>
  <testcase name="givenIPLDataFindBowlerWithTopAverages" classname="IPLTest" time="0.898"/>
  <testcase name="givenIPLMostRunsFindBestScore" classname="IPLTest" time="0.225"/>
  <testcase name="givenIPLDataFindBolwerWithBestSRandAverage" classname="IPLTest" time="0.257"/>
  <testcase name="givenIPLDataFindMax6sAnd4s" classname="IPLTest" time="0.106"/>
  <testcase name="givenIPLDataFindBatsmanWithZeroMilestonesButWithBestAverages" classname="IPLTest" time="0.278"/>
  <testcase name="givenIPLDataFindBatsmanWithBestSR" classname="IPLTest" time="0.264"/>
  <testcase name="givenIPLDataFindBowlerWithBestEconomy" classname="IPLTest" time="0.101"/>
  <testcase name="givenIPLDataFindCricketerWithBestBowlingAndBattingAverage" classname="IPLTest" time="0.158"/>
  <testcase name="givenIPLDataFindBatsmanWithMaximumAverageAndHundreds" classname="IPLTest" time="0.175"/>
  <testcase name="givenIPLDataFindBatsmanWithMaximumRunsAndBestAverage" classname="IPLTest" time="0.061"/>
  <testcase name="givenIPLDataFindBestAllRounders" classname="IPLTest" time="0.146"/>
  <testcase name="givenIPLDataFindBowlerWithTopSR" classname="IPLTest" time="0.08"/>
  <testcase name="givenIPLDataFindBowlerWithBestSRWith5wAnd4w" classname="IPLTest" time="0.072"/>
  <testcase name="givenIPLDataFindHighestStrikeRate" classname="IPLTest" time="0.114"/>
  <testcase name="givenIPLDataFindBowlerWithMaxWickets" classname="IPLTest" time="0.097"/>
  <testcase name="givenIPLDataFindBatsmanWithHighestAverageAndSR" classname="IPLTest" time="0.089"/>
  <system-out><![CDATA[]]></system-out>
  <system-err><![CDATA[]]></system-err>
</testsuite>
