<?xml version="1.0" encoding="UTF-8"?>
<testsuite name="IPLTest" tests="1" skipped="0" failures="0" errors="0" timestamp="2020-10-28T09:20:30" hostname="swapnaneels-MacBook-Air.local" time="0.742">
  <properties/>
  <testcase name="givenIPLMostRunsFindBestScore" classname="IPLTest" time="0.742"/>
  <system-out><![CDATA[]]></system-out>
  <system-err><![CDATA[]]></system-err>
</testsuite>
