<?xml version="1.0" encoding="UTF-8"?>
<testsuite name="IPLTest" tests="1" skipped="0" failures="0" errors="0" timestamp="2020-11-01T07:37:14" hostname="Swapnaneels-MacBook-Air.local" time="0.225">
  <properties/>
  <testcase name="givenIPLDataFindBowlerWithTopSR" classname="IPLTest" time="0.225"/>
  <system-out><![CDATA[]]></system-out>
  <system-err><![CDATA[]]></system-err>
</testsuite>
